[debug] [2023-05-14T18:35:58.435Z] ----------------------------------------------------------------------
[debug] [2023-05-14T18:35:58.437Z] Command:       E:\programas\node.exe C:\Users\lucas\AppData\Roaming\npm\node_modules\firebase-tools\lib\bin\firebase.js init
[debug] [2023-05-14T18:35:58.438Z] CLI Version:   12.0.0
[debug] [2023-05-14T18:35:58.438Z] Platform:      win32
[debug] [2023-05-14T18:35:58.438Z] Node Version:  v18.14.0
[debug] [2023-05-14T18:35:58.439Z] Time:          Sun May 14 2023 15:35:58 GMT-0300 (hora estándar de Argentina)
[debug] [2023-05-14T18:35:58.439Z] ----------------------------------------------------------------------
[debug] 
[debug] [2023-05-14T18:35:58.516Z] > command requires scopes: ["email","openid","https://www.googleapis.com/auth/cloudplatformprojects.readonly","https://www.googleapis.com/auth/firebase","https://www.googleapis.com/auth/cloud-platform"]
[debug] [2023-05-14T18:35:58.517Z] > authorizing via signed-in user (lucasedicecco@gmail.com)
[info] 
     ######## #### ########  ######## ########     ###     ######  ########
     ##        ##  ##     ## ##       ##     ##  ##   ##  ##       ##
     ######    ##  ########  ######   ########  #########  ######  ######
     ##        ##  ##    ##  ##       ##     ## ##     ##       ## ##
     ##       #### ##     ## ######## ########  ##     ##  ######  ########

You're about to initialize a Firebase project in this directory:

  C:\Users\lucas\Desktop\FrontEnd

Before we get started, keep in mind:

  * You are initializing within an existing Firebase project directory

[info] 
=== Project Setup
[info] 
[info] First, let's associate this project directory with a Firebase project.
[info] You can create multiple project aliases by running firebase use --add, 
[info] but for now we'll just set up a default project.
[info] 
[debug] [2023-05-14T18:36:16.575Z] Using project from CLI flag: mgbfrontend
[debug] [2023-05-14T18:36:16.578Z] >>> [apiv2][query] GET https://firebase.googleapis.com/v1beta1/projects/mgbfrontend [none]
[debug] [2023-05-14T18:36:17.000Z] <<< [apiv2][status] GET https://firebase.googleapis.com/v1beta1/projects/mgbfrontend 403
[debug] [2023-05-14T18:36:17.000Z] <<< [apiv2][body] GET https://firebase.googleapis.com/v1beta1/projects/mgbfrontend {"error":{"code":403,"message":"The caller does not have permission","status":"PERMISSION_DENIED"}}
[debug] [2023-05-14T18:36:17.000Z] HTTP Error: 403, The caller does not have permission
[debug] [2023-05-14T18:36:17.115Z] FirebaseError: HTTP Error: 403, The caller does not have permission
    at responseToError (C:\Users\lucas\AppData\Roaming\npm\node_modules\firebase-tools\lib\responseToError.js:49:12)
    at RetryOperation._fn (C:\Users\lucas\AppData\Roaming\npm\node_modules\firebase-tools\lib\apiv2.js:288:77)
    at process.processTicksAndRejections (node:internal/process/task_queues:95:5)
[error] 
[error] Error: Failed to get Firebase project mgbfrontend. Please make sure the project exists and your account has permission to access it.
[debug] [2023-05-14T18:36:36.986Z] ----------------------------------------------------------------------
[debug] [2023-05-14T18:36:36.992Z] Command:       E:\programas\node.exe C:\Users\lucas\AppData\Roaming\npm\node_modules\firebase-tools\lib\bin\firebase.js init
[debug] [2023-05-14T18:36:36.992Z] CLI Version:   12.0.0
[debug] [2023-05-14T18:36:36.993Z] Platform:      win32
[debug] [2023-05-14T18:36:36.994Z] Node Version:  v18.14.0
[debug] [2023-05-14T18:36:36.995Z] Time:          Sun May 14 2023 15:36:36 GMT-0300 (hora estándar de Argentina)
[debug] [2023-05-14T18:36:36.995Z] ----------------------------------------------------------------------
[debug] 
[debug] [2023-05-14T18:36:37.113Z] > command requires scopes: ["email","openid","https://www.googleapis.com/auth/cloudplatformprojects.readonly","https://www.googleapis.com/auth/firebase","https://www.googleapis.com/auth/cloud-platform"]
[debug] [2023-05-14T18:36:37.114Z] > authorizing via signed-in user (lucasedicecco@gmail.com)
[info] 
     ######## #### ########  ######## ########     ###     ######  ########
     ##        ##  ##     ## ##       ##     ##  ##   ##  ##       ##
     ######    ##  ########  ######   ########  #########  ######  ######
     ##        ##  ##    ##  ##       ##     ## ##     ##       ## ##
     ##       #### ##     ## ######## ########  ##     ##  ######  ########

You're about to initialize a Firebase project in this directory:

  C:\Users\lucas\Desktop\FrontEnd

Before we get started, keep in mind:

  * You are initializing within an existing Firebase project directory

[info] 
=== Project Setup
[info] 
[info] First, let's associate this project directory with a Firebase project.
[info] You can create multiple project aliases by running firebase use --add, 
[info] but for now we'll just set up a default project.
[info] 
[debug] [2023-05-14T18:37:05.444Z] Using project from CLI flag: mgbfrontend
[debug] [2023-05-14T18:37:05.447Z] >>> [apiv2][query] GET https://firebase.googleapis.com/v1beta1/projects/mgbfrontend [none]
[debug] [2023-05-14T18:37:05.822Z] <<< [apiv2][status] GET https://firebase.googleapis.com/v1beta1/projects/mgbfrontend 403
[debug] [2023-05-14T18:37:05.823Z] <<< [apiv2][body] GET https://firebase.googleapis.com/v1beta1/projects/mgbfrontend {"error":{"code":403,"message":"The caller does not have permission","status":"PERMISSION_DENIED"}}
[debug] [2023-05-14T18:37:05.824Z] HTTP Error: 403, The caller does not have permission
[debug] [2023-05-14T18:37:05.946Z] FirebaseError: HTTP Error: 403, The caller does not have permission
    at responseToError (C:\Users\lucas\AppData\Roaming\npm\node_modules\firebase-tools\lib\responseToError.js:49:12)
    at RetryOperation._fn (C:\Users\lucas\AppData\Roaming\npm\node_modules\firebase-tools\lib\apiv2.js:288:77)
    at process.processTicksAndRejections (node:internal/process/task_queues:95:5)
[error] 
[error] Error: Failed to get Firebase project mgbfrontend. Please make sure the project exists and your account has permission to access it.
[debug] [2023-05-14T18:38:50.430Z] ----------------------------------------------------------------------
[debug] [2023-05-14T18:38:50.432Z] Command:       E:\programas\node.exe C:\Users\lucas\AppData\Roaming\npm\node_modules\firebase-tools\lib\bin\firebase.js init
[debug] [2023-05-14T18:38:50.432Z] CLI Version:   12.0.0
[debug] [2023-05-14T18:38:50.432Z] Platform:      win32
[debug] [2023-05-14T18:38:50.433Z] Node Version:  v18.14.0
[debug] [2023-05-14T18:38:50.434Z] Time:          Sun May 14 2023 15:38:50 GMT-0300 (hora estándar de Argentina)
[debug] [2023-05-14T18:38:50.434Z] ----------------------------------------------------------------------
[debug] 
[debug] [2023-05-14T18:38:50.515Z] > command requires scopes: ["email","openid","https://www.googleapis.com/auth/cloudplatformprojects.readonly","https://www.googleapis.com/auth/firebase","https://www.googleapis.com/auth/cloud-platform"]
[debug] [2023-05-14T18:38:50.515Z] > authorizing via signed-in user (lucasedicecco@gmail.com)
[info] 
     ######## #### ########  ######## ########     ###     ######  ########
     ##        ##  ##     ## ##       ##     ##  ##   ##  ##       ##
     ######    ##  ########  ######   ########  #########  ######  ######
     ##        ##  ##    ##  ##       ##     ## ##     ##       ## ##
     ##       #### ##     ## ######## ########  ##     ##  ######  ########

You're about to initialize a Firebase project in this directory:

  C:\Users\lucas\Desktop\FrontEnd

Before we get started, keep in mind:

  * You are initializing within an existing Firebase project directory

